<?xml version="1.0" encoding="UTF-8"?>
<!-- Generated by org.testng.reporters.JUnitReportReporter -->
<testsuite skipped="0" hostname="Priyankaok123" name="calc.MultipleWindows" tests="1" failures="0" timestamp="04 Mar 2019 08:59:43 GMT" time="52.797" errors="0">
  <testcase name="multipleTabs" time="52.797" classname="calc.MultipleWindows"/>
</testsuite> <!-- calc.MultipleWindows -->
