<?xml version="1.0" encoding="UTF-8"?>
<!-- Generated by org.testng.reporters.JUnitReportReporter -->
<testsuite skipped="0" hostname="Priyankaok123" name="testNGclasses.TestCase1" tests="1" failures="0" timestamp="03 Mar 2019 05:31:54 GMT" time="0.008" errors="0">
  <testcase name="testFb" time="0.008" classname="testNGclasses.TestCase1"/>
</testsuite> <!-- testNGclasses.TestCase1 -->
