<?xml version="1.0" encoding="UTF-8"?>
<!-- Generated by org.testng.reporters.JUnitReportReporter -->
<testsuite skipped="0" hostname="Priyankaok123" name="testNGclasses.TestCase3" tests="1" failures="0" timestamp="03 Mar 2019 05:33:29 GMT" time="0.010" errors="0">
  <testcase name="testGmail" time="0.010" classname="testNGclasses.TestCase3"/>
</testsuite> <!-- testNGclasses.TestCase3 -->
