<?xml version="1.0" encoding="UTF-8"?>
<!-- Generated by org.testng.reporters.JUnitReportReporter -->
<testsuite skipped="0" hostname="Priyankaok123" name="calc.LaunchBrowser" tests="1" failures="0" timestamp="27 Feb 2019 07:40:50 GMT" time="37.689" errors="0">
  <testcase name="verifyPageTitle" time="37.689" classname="calc.LaunchBrowser"/>
</testsuite> <!-- calc.LaunchBrowser -->
