<?xml version="1.0" encoding="UTF-8"?>
<!-- Generated by org.testng.reporters.JUnitReportReporter -->
<testsuite skipped="0" hostname="Priyankaok123" name="calc.VerifyTitle" tests="2" failures="0" timestamp="04 Mar 2019 02:38:53 GMT" time="14.206" errors="0">
  <testcase name="primeNumber" time="0.013" classname="calc.VerifyTitle"/>
  <testcase name="verifyPageTitle" time="14.193" classname="calc.VerifyTitle"/>
</testsuite> <!-- calc.VerifyTitle -->
