<?xml version="1.0" encoding="UTF-8"?>
<!-- Generated by org.testng.reporters.JUnitReportReporter -->
<testsuite skipped="0" hostname="Priyankaok123" name="calc.MyApplicaton2" tests="3" failures="0" timestamp="27 Feb 2019 07:15:59 GMT" time="64.512" errors="0">
  <testcase name="loginApp" time="43.612" classname="calc.MyApplicaton2"/>
  <testcase name="startApp" time="9.087" classname="calc.MyApplicaton2"/>
  <testcase name="logoutApp" time="11.813" classname="calc.MyApplicaton2"/>
</testsuite> <!-- calc.MyApplicaton2 -->
