<?xml version="1.0" encoding="UTF-8"?>
<!-- Generated by org.testng.reporters.JUnitReportReporter -->
<testsuite skipped="0" hostname="Priyankaok123" name="calc.HandlingDropdown" tests="1" failures="0" timestamp="06 Mar 2019 09:39:53 GMT" time="70.444" errors="0">
  <testcase name="dropdownHandling" time="70.444" classname="calc.HandlingDropdown"/>
</testsuite> <!-- calc.HandlingDropdown -->
