<?xml version="1.0" encoding="UTF-8"?>
<!-- Generated by org.testng.reporters.JUnitReportReporter -->
<testsuite skipped="0" hostname="Priyankaok123" name="calc.HandlingAlert" tests="1" failures="0" timestamp="04 Mar 2019 09:29:29 GMT" time="97.700" errors="0">
  <testcase name="alert" time="97.700" classname="calc.HandlingAlert"/>
</testsuite> <!-- calc.HandlingAlert -->
