<?xml version="1.0" encoding="UTF-8"?>
<!-- Generated by org.testng.reporters.JUnitReportReporter -->
<testsuite skipped="0" hostname="Priyankaok123" name="testNGclasses.TestCase2" tests="1" failures="0" timestamp="03 Mar 2019 05:31:54 GMT" time="0.001" errors="0">
  <testcase name="testTwitter" time="0.001" classname="testNGclasses.TestCase2"/>
</testsuite> <!-- testNGclasses.TestCase2 -->
