<?xml version="1.0" encoding="UTF-8"?>
<!-- Generated by org.testng.reporters.JUnitReportReporter -->
<testsuite skipped="0" hostname="Priyankaok123" name="calc.CreatingDependencies" tests="3" failures="0" timestamp="04 Mar 2019 07:33:30 GMT" time="42.496" errors="0">
  <testcase name="loginApp" time="15.271" classname="calc.CreatingDependencies"/>
  <testcase name="startApp" time="15.565" classname="calc.CreatingDependencies"/>
  <testcase name="logoutApp" time="11.660" classname="calc.CreatingDependencies"/>
</testsuite> <!-- calc.CreatingDependencies -->
